2024-12-10 10:55:54,372 - INFO - Generating image with prompt: An abstract composition featuring balanced, vibrant red hues with dynamic streaks, enhanced by warm, balanced hues with subtle fiery undertones. It incorporates modern, balanced patterns with subtle complexity, and is completed with energetic, chaotic splashes with radiant highlights. The elements blend seamlessly to create a cohesive and evocative image.
2024-12-10 10:56:50,546 - INFO - Generating image with prompt: An abstract composition featuring balanced, vibrant red hues with dynamic streaks, enhanced by warm, balanced hues with subtle fiery undertones. It incorporates modern, balanced patterns with subtle complexity, and is completed with energetic, chaotic splashes with radiant highlights. The elements blend seamlessly to create a cohesive and evocative image.
2024-12-10 10:57:01,070 - INFO - Image saved locally at public/test_image.png
2024-12-10 11:01:09,386 - INFO - Generating image with prompt: An abstract composition featuring balanced, vibrant red hues with dynamic streaks, enhanced by warm, balanced hues with subtle fiery undertones. It incorporates modern, balanced patterns with subtle complexity, and is completed with energetic, chaotic splashes with radiant highlights. The elements blend seamlessly to create a cohesive and evocative image.
2024-12-10 11:01:10,556 - INFO - Image saved locally at public/test_image.png
2024-12-10 11:01:25,771 - INFO - Generating image with prompt: An abstract composition featuring balanced, vibrant red hues with dynamic streaks, enhanced by warm, balanced hues with subtle fiery undertones. It incorporates modern, balanced patterns with subtle complexity, and is completed with energetic, chaotic splashes with radiant highlights. The elements blend seamlessly to create a cohesive and evocative image.
2024-12-10 11:01:26,933 - INFO - Image saved locally at public/test_image.png
2024-12-10 11:01:47,842 - INFO - Generating image with prompt: An abstract composition featuring balanced, vibrant red hues with dynamic streaks, enhanced by warm, balanced hues with subtle fiery undertones. It incorporates modern, balanced patterns with subtle complexity, and is completed with energetic, chaotic splashes with radiant highlights. The elements blend seamlessly to create a cohesive and evocative image.
2024-12-10 11:01:48,141 - ERROR - Failed to generate image. Status code: 429
2024-12-10 11:01:48,141 - ERROR - Error: {"error":"Max requests total reached on image generation inference (3). Wait up to one minute before being able to process more Diffusion requests."}
2024-12-10 11:02:55,720 - INFO - Generating image with prompt: An abstract composition featuring balanced, vibrant red hues with dynamic streaks, enhanced by warm, balanced hues with subtle fiery undertones. It incorporates modern, balanced patterns with subtle complexity, and is completed with energetic, chaotic splashes with radiant highlights. The elements blend seamlessly to create a cohesive and evocative image.
2024-12-10 11:02:56,705 - INFO - Image saved locally at public/test_image.png
2024-12-10 11:19:29,501 - INFO - Generating image with prompt: An abstract composition featuring balanced, vibrant red hues with dynamic streaks, enhanced by warm, balanced hues with subtle fiery undertones. It incorporates modern, balanced patterns with subtle complexity, and is completed with energetic, chaotic splashes with radiant highlights. The elements blend seamlessly to create a cohesive and evocative image.
2024-12-10 11:19:30,734 - INFO - Image saved locally at public/manual_test_image.png
2024-12-10 11:21:10,614 - INFO - Generating image with prompt: An abstract composition featuring steady, smooth curves with red and orange accents, enhanced by icy, crystalline textures with frosted white highlights. It incorporates playful, whimsical patterns with colorful swirls, and is completed with energetic, chaotic splashes with radiant highlights. The elements blend seamlessly to create a cohesive and evocative image.
2024-12-10 11:21:22,373 - INFO - Image saved locally at public/zzz.png
2024-12-14 23:09:35,072 - INFO - Generated prompt: An abstract composition featuring energetic, pulsing orange strokes with glowing edges, enhanced by warm, balanced hues with subtle fiery undertones. and is completed with energetic, chaotic splashes with radiant highlights. The elements blend seamlessly to create a cohesive and evocative image.
2024-12-14 23:09:35,072 - INFO - Generating image with prompt: An abstract composition featuring energetic, pulsing orange strokes with glowing edges, enhanced by warm, balanced hues with subtle fiery undertones. and is completed with energetic, chaotic splashes with radiant highlights. The elements blend seamlessly to create a cohesive and evocative image.
2024-12-14 23:09:53,396 - INFO - Image saved locally at public/generated_image.png
2024-12-14 23:09:53,397 - INFO - Image successfully generated and saved at public/generated_image.png
